<?xml version="1.0" encoding="UTF-8" ?>
<testsuite tests="42" failures="0" name="edu.kcc.java.unittestexample.sale.SaleItemTest" time="0.005" errors="0" skipped="0">
  <properties>
    <property name="java.runtime.name" value="Java(TM) SE Runtime Environment"/>
    <property name="java.vm.version" value="14.0.1+7"/>
    <property name="sun.boot.library.path" value="C:\Program Files\Java\jdk-14.0.1\bin"/>
    <property name="maven.multiModuleProjectDirectory" value="C:\Users\Dorchek\JavaII\UnitTestExample\UnitTestExample"/>
    <property name="java.vm.vendor" value="Oracle Corporation"/>
    <property name="java.vendor.url" value="https://java.oracle.com/"/>
    <property name="guice.disable.misplaced.annotation.check" value="true"/>
    <property name="path.separator" value=";"/>
    <property name="java.vm.name" value="Java HotSpot(TM) 64-Bit Server VM"/>
    <property name="sun.os.patch.level" value=""/>
    <property name="user.script" value=""/>
    <property name="user.country" value="US"/>
    <property name="sun.java.launcher" value="SUN_STANDARD"/>
    <property name="java.vm.specification.name" value="Java Virtual Machine Specification"/>
    <property name="user.dir" value="C:\Users\Dorchek\JavaII\UnitTestExample\UnitTestExample"/>
    <property name="java.vm.compressedOopsMode" value="32-bit"/>
    <property name="java.runtime.version" value="14.0.1+7"/>
    <property name="os.arch" value="amd64"/>
    <property name="java.io.tmpdir" value="C:\Users\Dorchek\AppData\Local\Temp\"/>
    <property name="line.separator" value="
"/>
    <property name="java.vm.specification.vendor" value="Oracle Corporation"/>
    <property name="user.variant" value=""/>
    <property name="os.name" value="Windows 10"/>
    <property name="maven.ext.class.path" value="C:\Program Files\NetBeans-11.1\netbeans\java\maven-nblib\netbeans-eventspy.jar"/>
    <property name="classworlds.conf" value="C:\Program Files\NetBeans-11.1\netbeans\java\maven\bin\m2.conf"/>
    <property name="sun.jnu.encoding" value="Cp1252"/>
    <property name="java.library.path" value="C:\Program Files\Java\jdk-14.0.1\bin;C:\WINDOWS\Sun\Java\bin;C:\WINDOWS\system32;C:\WINDOWS;C:\Program Files (x86)\NVIDIA Corporation\PhysX\Common;C:\Program Files (x86)\Python37-32\Scripts\;C:\Program Files (x86)\Python37-32\;C:\Program Files (x86)\Common Files\Oracle\Java\javapath;C:\WINDOWS\system32;C:\WINDOWS;C:\WINDOWS\System32\Wbem;C:\WINDOWS\System32\WindowsPowerShell\v1.0\;C:\WINDOWS\System32\OpenSSH\;C:\Program Files\Microsoft VS Code\bin;C:\Program Files\dotnet\;C:\Program Files\Microsoft SQL Server\130\Tools\Binn\;C:\Program Files\Microsoft SQL Server\Client SDK\ODBC\170\Tools\Binn\;C:\Program Files (x86)\Brackets\command;C:\Program Files (x86)\Windows Kits\10\Windows Performance Toolkit\;C:\Program Files\Git\cmd;C:\Users\Dorchek\AppData\Local\Microsoft\WindowsApps;;."/>
    <property name="jdk.debug" value="release"/>
    <property name="java.class.version" value="58.0"/>
    <property name="java.specification.name" value="Java Platform API Specification"/>
    <property name="sun.management.compiler" value="HotSpot 64-Bit Tiered Compilers"/>
    <property name="os.version" value="10.0"/>
    <property name="user.home" value="C:\Users\Dorchek"/>
    <property name="user.timezone" value="America/Chicago"/>
    <property name="file.encoding" value="UTF-8"/>
    <property name="java.specification.version" value="14"/>
    <property name="user.name" value="Dorchek"/>
    <property name="java.class.path" value="C:\Program Files\NetBeans-11.1\netbeans\java\maven\boot\plexus-classworlds-2.5.2.jar"/>
    <property name="java.vm.specification.version" value="14"/>
    <property name="sun.arch.data.model" value="64"/>
    <property name="sun.java.command" value="org.codehaus.plexus.classworlds.launcher.Launcher -Dmaven.ext.class.path=C:\Program Files\NetBeans-11.1\netbeans\java\maven-nblib\netbeans-eventspy.jar -Dfile.encoding=UTF-8 test"/>
    <property name="java.home" value="C:\Program Files\Java\jdk-14.0.1"/>
    <property name="user.language" value="en"/>
    <property name="java.specification.vendor" value="Oracle Corporation"/>
    <property name="java.vm.info" value="mixed mode, sharing"/>
    <property name="java.version" value="14.0.1"/>
    <property name="java.vendor" value="Oracle Corporation"/>
    <property name="maven.home" value="C:\Program Files\NetBeans-11.1\netbeans\java\maven"/>
    <property name="file.separator" value="\"/>
    <property name="java.version.date" value="2020-04-14"/>
    <property name="java.vendor.url.bug" value="https://bugreport.java.com/bugreport/"/>
    <property name="sun.io.unicode.encoding" value="UnicodeLittle"/>
    <property name="sun.cpu.endian" value="little"/>
    <property name="sun.cpu.isalist" value="amd64"/>
  </properties>
  <testcase classname="edu.kcc.java.unittestexample.sale.SaleItemTest" name="edu.kcc.java.unittestexample.sale.SaleItemTest.testConstructorDescriptionTooLong1025" time="0.002"/>
  <testcase classname="edu.kcc.java.unittestexample.sale.SaleItemTest" name="edu.kcc.java.unittestexample.sale.SaleItemTest.testConstructorDescriptionGoodShort1" time="0"/>
  <testcase classname="edu.kcc.java.unittestexample.sale.SaleItemTest" name="edu.kcc.java.unittestexample.sale.SaleItemTest.testConstructorDescriptionGoodLong1024" time="0"/>
  <testcase classname="edu.kcc.java.unittestexample.sale.SaleItemTest" name="edu.kcc.java.unittestexample.sale.SaleItemTest.testConstructorItemNameTooLong257" time="0.001"/>
  <testcase classname="edu.kcc.java.unittestexample.sale.SaleItemTest" name="edu.kcc.java.unittestexample.sale.SaleItemTest.testConstructorDescriptionNull" time="0"/>
  <testcase classname="edu.kcc.java.unittestexample.sale.SaleItemTest" name="edu.kcc.java.unittestexample.sale.SaleItemTest.testSetUnitPriceGoodZero" time="0.001"/>
  <testcase classname="edu.kcc.java.unittestexample.sale.SaleItemTest" name="edu.kcc.java.unittestexample.sale.SaleItemTest.testConstructorItemNameNull" time="0"/>
  <testcase classname="edu.kcc.java.unittestexample.sale.SaleItemTest" name="edu.kcc.java.unittestexample.sale.SaleItemTest.testConstructorItemNameGoodShort" time="0"/>
  <testcase classname="edu.kcc.java.unittestexample.sale.SaleItemTest" name="edu.kcc.java.unittestexample.sale.SaleItemTest.testConstructorDescriptionBlank" time="0"/>
  <testcase classname="edu.kcc.java.unittestexample.sale.SaleItemTest" name="edu.kcc.java.unittestexample.sale.SaleItemTest.testCompareToInstanceEqualsOther" time="0"/>
  <testcase classname="edu.kcc.java.unittestexample.sale.SaleItemTest" name="edu.kcc.java.unittestexample.sale.SaleItemTest.testSetItemDescriptionBadLong1025" time="0"/>
  <testcase classname="edu.kcc.java.unittestexample.sale.SaleItemTest" name="edu.kcc.java.unittestexample.sale.SaleItemTest.testSetItemDescriptionGoodLong1024" time="0"/>
  <testcase classname="edu.kcc.java.unittestexample.sale.SaleItemTest" name="edu.kcc.java.unittestexample.sale.SaleItemTest.testSetItemNameBadLong257" time="0"/>
  <testcase classname="edu.kcc.java.unittestexample.sale.SaleItemTest" name="edu.kcc.java.unittestexample.sale.SaleItemTest.testGetItemDescription" time="0"/>
  <testcase classname="edu.kcc.java.unittestexample.sale.SaleItemTest" name="edu.kcc.java.unittestexample.sale.SaleItemTest.testCompareToOtherBeforeInstance" time="0"/>
  <testcase classname="edu.kcc.java.unittestexample.sale.SaleItemTest" name="edu.kcc.java.unittestexample.sale.SaleItemTest.testSetItemDescriptionGoodShort1" time="0"/>
  <testcase classname="edu.kcc.java.unittestexample.sale.SaleItemTest" name="edu.kcc.java.unittestexample.sale.SaleItemTest.testConstructorItemID0" time="0"/>
  <testcase classname="edu.kcc.java.unittestexample.sale.SaleItemTest" name="edu.kcc.java.unittestexample.sale.SaleItemTest.testCompareToInstanceBeforeOther" time="0"/>
  <testcase classname="edu.kcc.java.unittestexample.sale.SaleItemTest" name="edu.kcc.java.unittestexample.sale.SaleItemTest.testConstructorItemIDNegOne" time="0"/>
  <testcase classname="edu.kcc.java.unittestexample.sale.SaleItemTest" name="edu.kcc.java.unittestexample.sale.SaleItemTest.testConstructorUnitPriceZero" time="0"/>
  <testcase classname="edu.kcc.java.unittestexample.sale.SaleItemTest" name="edu.kcc.java.unittestexample.sale.SaleItemTest.testConstructorItemNameBlank" time="0"/>
  <testcase classname="edu.kcc.java.unittestexample.sale.SaleItemTest" name="edu.kcc.java.unittestexample.sale.SaleItemTest.testSetItemNameGoodLong256" time="0"/>
  <testcase classname="edu.kcc.java.unittestexample.sale.SaleItemTest" name="edu.kcc.java.unittestexample.sale.SaleItemTest.testConstructorItemID500" time="0"/>
  <testcase classname="edu.kcc.java.unittestexample.sale.SaleItemTest" name="edu.kcc.java.unittestexample.sale.SaleItemTest.testSetItemNameNull" time="0"/>
  <testcase classname="edu.kcc.java.unittestexample.sale.SaleItemTest" name="edu.kcc.java.unittestexample.sale.SaleItemTest.testConstructorUnitPriceHundred" time="0"/>
  <testcase classname="edu.kcc.java.unittestexample.sale.SaleItemTest" name="edu.kcc.java.unittestexample.sale.SaleItemTest.testSetUnitPriceBadNegativeOne" time="0"/>
  <testcase classname="edu.kcc.java.unittestexample.sale.SaleItemTest" name="edu.kcc.java.unittestexample.sale.SaleItemTest.testConstructorUnitPriceTooLow" time="0"/>
  <testcase classname="edu.kcc.java.unittestexample.sale.SaleItemTest" name="edu.kcc.java.unittestexample.sale.SaleItemTest.testSetUnitPriceBadNull" time="0"/>
  <testcase classname="edu.kcc.java.unittestexample.sale.SaleItemTest" name="edu.kcc.java.unittestexample.sale.SaleItemTest.testSetItemNameBlank" time="0"/>
  <testcase classname="edu.kcc.java.unittestexample.sale.SaleItemTest" name="edu.kcc.java.unittestexample.sale.SaleItemTest.testSetUnitPriceGoodPositive" time="0"/>
  <testcase classname="edu.kcc.java.unittestexample.sale.SaleItemTest" name="edu.kcc.java.unittestexample.sale.SaleItemTest.testSetItemDescriptionBlank" time="0"/>
  <testcase classname="edu.kcc.java.unittestexample.sale.SaleItemTest" name="edu.kcc.java.unittestexample.sale.SaleItemTest.testSetItemIdGoodZero" time="0"/>
  <testcase classname="edu.kcc.java.unittestexample.sale.SaleItemTest" name="edu.kcc.java.unittestexample.sale.SaleItemTest.testSetItemDescriptionNull" time="0"/>
  <testcase classname="edu.kcc.java.unittestexample.sale.SaleItemTest" name="edu.kcc.java.unittestexample.sale.SaleItemTest.testSetItemIdGoodPostive" time="0"/>
  <testcase classname="edu.kcc.java.unittestexample.sale.SaleItemTest" name="edu.kcc.java.unittestexample.sale.SaleItemTest.testSetUnitPriceGoodZeroPointOne" time="0"/>
  <testcase classname="edu.kcc.java.unittestexample.sale.SaleItemTest" name="edu.kcc.java.unittestexample.sale.SaleItemTest.testConstructorItemNameGoodLong" time="0"/>
  <testcase classname="edu.kcc.java.unittestexample.sale.SaleItemTest" name="edu.kcc.java.unittestexample.sale.SaleItemTest.testSetItemNameGoodShort1" time="0"/>
  <testcase classname="edu.kcc.java.unittestexample.sale.SaleItemTest" name="edu.kcc.java.unittestexample.sale.SaleItemTest.testGetItemId" time="0"/>
  <testcase classname="edu.kcc.java.unittestexample.sale.SaleItemTest" name="edu.kcc.java.unittestexample.sale.SaleItemTest.testToString" time="0"/>
  <testcase classname="edu.kcc.java.unittestexample.sale.SaleItemTest" name="edu.kcc.java.unittestexample.sale.SaleItemTest.testGetUnitPrice" time="0"/>
  <testcase classname="edu.kcc.java.unittestexample.sale.SaleItemTest" name="edu.kcc.java.unittestexample.sale.SaleItemTest.testSetItemIdBad" time="0"/>
  <testcase classname="edu.kcc.java.unittestexample.sale.SaleItemTest" name="edu.kcc.java.unittestexample.sale.SaleItemTest.testGetItemName" time="0.001"/>
</testsuite>